# JRE version: OpenJDK Runtime Environment (8.0_76-b03) (build 1.8.0_76-release-b03)
# Java VM: OpenJDK 64-Bit Server VM (25.76-b03 mixed mode windows-amd64 compressed oops)
Heap:
 PSYoungGen      total 33280K, used 7637K [0x00000000eab00000, 0x00000000ed000000, 0x0000000100000000)
  eden space 28672K, 10% used [0x00000000eab00000,0x00000000eadf5490,0x00000000ec700000)
  from space 4608K, 100% used [0x00000000ec700000,0x00000000ecb80000,0x00000000ecb80000)
  to   space 4608K, 0% used [0x00000000ecb80000,0x00000000ecb80000,0x00000000ed000000)
 ParOldGen       total 76800K, used 4393K [0x00000000c0000000, 0x00000000c4b00000, 0x00000000eab00000)
  object space 76800K, 5% used [0x00000000c0000000,0x00000000c044a7a8,0x00000000c4b00000)
 Metaspace       used 17405K, capacity 17730K, committed 17792K, reserved 1064960K
  class space    used 2280K, capacity 2427K, committed 2432K, reserved 1048576K
GC Heap History (6 events):
Event: 4.728 GC heap before
{Heap before GC invocations=1 (full 0):
 PSYoungGen      total 33280K, used 28672K [0x00000000eab00000, 0x00000000ed000000, 0x0000000100000000)
  eden space 28672K, 100% used [0x00000000eab00000,0x00000000ec700000,0x00000000ec700000)
  from space 4608K, 0% used [0x00000000ecb80000,0x00000000ecb80000,0x00000000ed000000)
  to   space 4608K, 0% used [0x00000000ec700000,0x00000000ec700000,0x00000000ecb80000)
 ParOldGen       total 76800K, used 0K [0x00000000c0000000, 0x00000000c4b00000, 0x00000000eab00000)
  object space 76800K, 0% used [0x00000000c0000000,0x00000000c0000000,0x00000000c4b00000)
 Metaspace       used 5736K, capacity 6288K, committed 6528K, reserved 1056768K
  class space    used 716K, capacity 800K, committed 896K, reserved 1048576K
Event: 4.741 GC heap after
Heap after GC invocations=1 (full 0):
 PSYoungGen      total 33280K, used 3662K [0x00000000eab00000, 0x00000000ed000000, 0x0000000100000000)
  eden space 28672K, 0% used [0x00000000eab00000,0x00000000eab00000,0x00000000ec700000)
  from space 4608K, 79% used [0x00000000ec700000,0x00000000eca93838,0x00000000ecb80000)
  to   space 4608K, 0% used [0x00000000ecb80000,0x00000000ecb80000,0x00000000ed000000)
 ParOldGen       total 76800K, used 8K [0x00000000c0000000, 0x00000000c4b00000, 0x00000000eab00000)
  object space 76800K, 0% used [0x00000000c0000000,0x00000000c0002000,0x00000000c4b00000)
 Metaspace       used 5736K, capacity 6288K, committed 6528K, reserved 1056768K
  class space    used 716K, capacity 800K, committed 896K, reserved 1048576K
}
Event: 17.054 GC heap before
{Heap before GC invocations=2 (full 0):
 PSYoungGen      total 33280K, used 32334K [0x00000000eab00000, 0x00000000ed000000, 0x0000000100000000)
  eden space 28672K, 100% used [0x00000000eab00000,0x00000000ec700000,0x00000000ec700000)
  from space 4608K, 79% used [0x00000000ec700000,0x00000000eca93838,0x00000000ecb80000)
  to   space 4608K, 0% used [0x00000000ecb80000,0x00000000ecb80000,0x00000000ed000000)
 ParOldGen       total 76800K, used 8K [0x00000000c0000000, 0x00000000c4b00000, 0x00000000eab00000)
  object space 76800K, 0% used [0x00000000c0000000,0x00000000c0002000,0x00000000c4b00000)
 Metaspace       used 11813K, capacity 12226K, committed 12416K, reserved 1060864K
  class space    used 1544K, capacity 1659K, committed 1664K, reserved 1048576K
Event: 17.065 GC heap after
Heap after GC invocations=2 (full 0):
 PSYoungGen      total 33280K, used 4599K [0x00000000eab00000, 0x00000000ed000000, 0x0000000100000000)
  eden space 28672K, 0% used [0x00000000eab00000,0x00000000eab00000,0x00000000ec700000)
  from space 4608K, 99% used [0x00000000ecb80000,0x00000000ecffdf20,0x00000000ed000000)
  to   space 4608K, 0% used [0x00000000ec700000,0x00000000ec700000,0x00000000ecb80000)
 ParOldGen       total 76800K, used 612K [0x00000000c0000000, 0x00000000c4b00000, 0x00000000eab00000)
  object space 76800K, 0% used [0x00000000c0000000,0x00000000c0099148,0x00000000c4b00000)
 Metaspace       used 11813K, capacity 12226K, committed 12416K, reserved 1060864K
  class space    used 1544K, capacity 1659K, committed 1664K, reserved 1048576K
}
Event: 20.231 GC heap before
{Heap before GC invocations=3 (full 0):
 PSYoungGen      total 33280K, used 33271K [0x00000000eab00000, 0x00000000ed000000, 0x0000000100000000)
  eden space 28672K, 100% used [0x00000000eab00000,0x00000000ec700000,0x00000000ec700000)
  from space 4608K, 99% used [0x00000000ecb80000,0x00000000ecffdf20,0x00000000ed000000)
  to   space 4608K, 0% used [0x00000000ec700000,0x00000000ec700000,0x00000000ecb80000)
 ParOldGen       total 76800K, used 612K [0x00000000c0000000, 0x00000000c4b00000, 0x00000000eab00000)
  object space 76800K, 0% used [0x00000000c0000000,0x00000000c0099148,0x00000000c4b00000)
 Metaspace       used 17147K, capacity 17474K, committed 17792K, reserved 1064960K
  class space    used 2241K, capacity 2363K, committed 2432K, reserved 1048576K
Event: 20.332 GC heap after
Heap after GC invocations=3 (full 0):
 PSYoungGen      total 33280K, used 4608K [0x00000000eab00000, 0x00000000ed000000, 0x0000000100000000)
  eden space 28672K, 0% used [0x00000000eab00000,0x00000000eab00000,0x00000000ec700000)
  from space 4608K, 100% used [0x00000000ec700000,0x00000000ecb80000,0x00000000ecb80000)
  to   space 4608K, 0% used [0x00000000ecb80000,0x00000000ecb80000,0x00000000ed000000)
 ParOldGen       total 76800K, used 4393K [0x00000000c0000000, 0x00000000c4b00000, 0x00000000eab00000)
  object space 76800K, 5% used [0x00000000c0000000,0x00000000c044a7a8,0x00000000c4b00000)
 Metaspace       used 17147K, capacity 17474K, committed 17792K, reserved 1064960K
  class space    used 2241K, capacity 2363K, committed 2432K, reserved 1048576K
}

